#
# There is insufficient memory for the Java Runtime Environment to continue.
# Native memory allocation (malloc) failed to allocate 4088 bytes for AllocateHeap
# Possible reasons:
#   The system is out of physical RAM or swap space
#   In 32 bit mode, the process size limit was hit
# Possible solutions:
#   Reduce memory load on the system
#   Increase physical memory or swap space
#   Check if swap backing store is full
#   Use 64 bit Java on a 64 bit OS
#   Decrease Java heap size (-Xmx/-Xms)
#   Decrease number of Java threads
#   Decrease Java thread stack sizes (-Xss)
#   Set larger code cache with -XX:ReservedCodeCacheSize=
# This output file may be truncated or incomplete.
#
#  Out of Memory Error (memory/allocation.inline.hpp:61), pid=31880, tid=0x0000000000002e80
#
# JRE version: Java(TM) SE Runtime Environment (8.0_152-b16) (build 1.8.0_152-b16)
# Java VM: Java HotSpot(TM) 64-Bit Server VM (25.152-b16 mixed mode windows-amd64 compressed oops)
# Failed to write core dump. Minidumps are not enabled by default on client versions of Windows
#

---------------  T H R E A D  ---------------

Current thread (0x00000000028bb000):  GCTaskThread [stack: 0x0000000013920000,0x0000000013a20000] [id=11904]

Stack: [0x0000000013920000,0x0000000013a20000]
[error occurred during error reporting (printing stack bounds), id 0xc0000005]

Native frames: (J=compiled Java code, j=interpreted, Vv=VM code, C=native code)


---------------  P R O C E S S  ---------------

Java Threads: ( => current thread )
  0x00000000287ab000 JavaThread "Reference-Reaper:1" daemon [_thread_blocked, id=28592, stack(0x000000002c000000,0x000000002c100000)]
  0x00000000287a8000 JavaThread "Thread-1" [_thread_blocked, id=31836, stack(0x0000000029d60000,0x0000000029e60000)]
  0x00000000279d1800 JavaThread "ScheduledTasks:1" daemon [_thread_blocked, id=30080, stack(0x0000000028390000,0x0000000028490000)]
  0x000000002561e000 JavaThread "Service Thread" daemon [_thread_blocked, id=31888, stack(0x0000000027310000,0x0000000027410000)]
  0x00000000255d2800 JavaThread "C1 CompilerThread2" daemon [_thread_blocked, id=32112, stack(0x0000000026e10000,0x0000000026f10000)]
  0x00000000255c3800 JavaThread "C2 CompilerThread1" daemon [_thread_blocked, id=31616, stack(0x0000000026d10000,0x0000000026e10000)]
  0x00000000255bf000 JavaThread "C2 CompilerThread0" daemon [_thread_blocked, id=27540, stack(0x0000000026c10000,0x0000000026d10000)]
  0x00000000255bd800 JavaThread "Attach Listener" daemon [_thread_blocked, id=31696, stack(0x0000000026b10000,0x0000000026c10000)]
  0x00000000255bc000 JavaThread "Signal Dispatcher" daemon [_thread_blocked, id=17072, stack(0x0000000026a10000,0x0000000026b10000)]
  0x00000000255a8800 JavaThread "Finalizer" daemon [_thread_blocked, id=11280, stack(0x0000000026820000,0x0000000026920000)]
  0x0000000002994000 JavaThread "Reference Handler" daemon [_thread_blocked, id=13916, stack(0x0000000026720000,0x0000000026820000)]
  0x00000000028a3800 JavaThread "main" [_thread_blocked, id=30612, stack(0x00000000026b0000,0x00000000027b0000)]

Other Threads:
  0x0000000025587000 VMThread [stack: 0x0000000026620000,0x0000000026720000] [id=31548]
  0x0000000026f62000 WatcherThread [stack: 0x0000000027410000,0x0000000027510000] [id=32512]

=>0x00000000028bb000 (exited) GCTaskThread [stack: 0x0000000013920000,0x0000000013a20000] [id=11904]

VM state:at safepoint (normal execution)

VM Mutex/Monitor currently owned by a thread:  ([mutex/lock_event])
[0x00000000028a0850] Threads_lock - owner thread: 0x0000000025587000
[0x00000000028a0950] Heap_lock - owner thread: 0x00000000028a3800

Heap:
 PSYoungGen      total 983552K, used 983552K [0x0000000715580000, 0x000000075e580000, 0x00000007c0000000)
  eden space 799744K, 100% used [0x0000000715580000,0x0000000746280000,0x0000000746280000)
  from space 183808K, 100% used [0x0000000746280000,0x0000000751600000,0x0000000751600000)
  to   space 169984K, 99% used [0x0000000751600000,0x000000075bbfcb60,0x000000075bc00000)
 ParOldGen       total 399360K, used 399354K [0x00000005c0000000, 0x00000005d8600000, 0x0000000715580000)
  object space 399360K, 99% used [0x00000005c0000000,0x00000005d85febb0,0x00000005d8600000)
 Metaspace       used 22551K, capacity 23080K, committed 23424K, reserved 1069056K
  class space    used 2656K, capacity 2821K, committed 2944K, reserved 1048576K

Card table byte_map: [0x0000000011d60000,0x0000000012d70000] byte_map_base: 0x000000000ef60000

Marking Bits: (ParMarkBitMap*) 0x000000006fdd0860
 Begin Bits: [0x0000000013c20000, 0x000000001bc20000)
 End Bits:   [0x000000001bc20000, 0x0000000023c20000)

Polling page: 0x0000000000e90000

CodeCache: size=245760Kb used=8577Kb max_used=10174Kb free=237182Kb
 bounds [0x00000000029a0000, 0x00000000033a0000, 0x00000000119a0000]
 total_blobs=3155 nmethods=2686 adapters=381
 compilation: enabled

Compilation events (10 events):
Event: 17.298 Thread 0x00000000255bf000 nmethod 3339 0x0000000002bed890 code [0x0000000002bed9e0, 0x0000000002bedc38]
Event: 17.302 Thread 0x00000000255c3800 nmethod 3334 0x0000000003025750 code [0x00000000030259a0, 0x0000000003026cb0]
Event: 17.896 Thread 0x00000000255bf000 3340       4       java.util.zip.CRC32::update (143 bytes)
Event: 17.897 Thread 0x00000000255bf000 nmethod 3340 0x0000000002f9f9d0 code [0x0000000002f9fb20, 0x0000000002f9fc78]
Event: 17.938 Thread 0x00000000255c3800 3341       4       java.util.TreeMap$NavigableSubMap::<init> (98 bytes)
Event: 17.942 Thread 0x00000000255c3800 nmethod 3341 0x00000000031c0d90 code [0x00000000031c0f00, 0x00000000031c1318]
Event: 18.036 Thread 0x00000000255bf000 3342       4       java.util.AbstractCollection::clear (31 bytes)
Event: 18.057 Thread 0x00000000255bf000 nmethod 3342 0x0000000002b64ad0 code [0x0000000002b64cc0, 0x0000000002b65e48]
Event: 18.604 Thread 0x00000000255d2800 3343       3       sun.nio.fs.NativeBuffer::address (5 bytes)
Event: 18.604 Thread 0x00000000255d2800 nmethod 3343 0x0000000003151e90 code [0x0000000003151fe0, 0x0000000003152130]

GC Heap History (10 events):
Event: 13.735 GC heap after
Heap after GC invocations=16 (full 3):
 PSYoungGen      total 983552K, used 183808K [0x0000000715580000, 0x000000075e580000, 0x00000007c0000000)
  eden space 799744K, 0% used [0x0000000715580000,0x0000000715580000,0x0000000746280000)
  from space 183808K, 100% used [0x0000000746280000,0x0000000751600000,0x0000000751600000)
  to   space 169984K, 0% used [0x0000000751600000,0x0000000751600000,0x000000075bc00000)
 ParOldGen       total 353280K, used 254341K [0x00000005c0000000, 0x00000005d5900000, 0x0000000715580000)
  object space 353280K, 71% used [0x00000005c0000000,0x00000005cf8614f8,0x00000005d5900000)
 Metaspace       used 22539K, capacity 23080K, committed 23424K, reserved 1069056K
  class space    used 2656K, capacity 2821K, committed 2944K, reserved 1048576K
}
Event: 15.095 GC heap before
{Heap before GC invocations=17 (full 3):
 PSYoungGen      total 983552K, used 983552K [0x0000000715580000, 0x000000075e580000, 0x00000007c0000000)
  eden space 799744K, 100% used [0x0000000715580000,0x0000000746280000,0x0000000746280000)
  from space 183808K, 100% used [0x0000000746280000,0x0000000751600000,0x0000000751600000)
  to   space 169984K, 0% used [0x0000000751600000,0x0000000751600000,0x000000075bc00000)
 ParOldGen       total 353280K, used 254341K [0x00000005c0000000, 0x00000005d5900000, 0x0000000715580000)
  object space 353280K, 71% used [0x00000005c0000000,0x00000005cf8614f8,0x00000005d5900000)
 Metaspace       used 22539K, capacity 23080K, committed 23424K, reserved 1069056K
  class space    used 2656K, capacity 2821K, committed 2944K, reserved 1048576K
Event: 15.461 GC heap after
Heap after GC invocations=17 (full 3):
 PSYoungGen      total 983552K, used 983552K [0x0000000715580000, 0x000000075e580000, 0x00000007c0000000)
  eden space 799744K, 100% used [0x0000000715580000,0x0000000746280000,0x0000000746280000)
  from space 183808K, 100% used [0x0000000746280000,0x0000000751600000,0x0000000751600000)
  to   space 169984K, 99% used [0x0000000751600000,0x000000075bbfa940,0x000000075bc00000)
 ParOldGen       total 398336K, used 398335K [0x00000005c0000000, 0x00000005d8500000, 0x0000000715580000)
  object space 398336K, 99% used [0x00000005c0000000,0x00000005d84fff70,0x00000005d8500000)
 Metaspace       used 22539K, capacity 23080K, committed 23424K, reserved 1069056K
  class space    used 2656K, capacity 2821K, committed 2944K, reserved 1048576K
}
Event: 15.461 GC heap before
{Heap before GC invocations=18 (full 4):
 PSYoungGen      total 983552K, used 983552K [0x0000000715580000, 0x000000075e580000, 0x00000007c0000000)
  eden space 799744K, 100% used [0x0000000715580000,0x0000000746280000,0x0000000746280000)
  from space 183808K, 100% used [0x0000000746280000,0x0000000751600000,0x0000000751600000)
  to   space 169984K, 99% used [0x0000000751600000,0x000000075bbfa940,0x000000075bc00000)
 ParOldGen       total 398336K, used 398335K [0x00000005c0000000, 0x00000005d8500000, 0x0000000715580000)
  object space 398336K, 99% used [0x00000005c0000000,0x00000005d84fff70,0x00000005d8500000)
 Metaspace       used 22539K, capacity 23080K, committed 23424K, reserved 1069056K
  class space    used 2656K, capacity 2821K, committed 2944K, reserved 1048576K
Event: 15.822 GC heap after
Heap after GC invocations=18 (full 4):
 PSYoungGen      total 983552K, used 0K [0x0000000715580000, 0x000000075e580000, 0x00000007c0000000)
  eden space 799744K, 0% used [0x0000000715580000,0x0000000715580000,0x0000000746280000)
  from space 183808K, 0% used [0x0000000746280000,0x0000000746280000,0x0000000751600000)
  to   space 169984K, 0% used [0x0000000751600000,0x0000000751600000,0x000000075bc00000)
 ParOldGen       total 398336K, used 223411K [0x00000005c0000000, 0x00000005d8500000, 0x0000000715580000)
  object space 398336K, 56% used [0x00000005c0000000,0x00000005cda2ce00,0x00000005d8500000)
 Metaspace       used 22539K, capacity 23080K, committed 23424K, reserved 1069056K
  class space    used 2656K, capacity 2821K, committed 2944K, reserved 1048576K
}
Event: 17.085 GC heap before
{Heap before GC invocations=19 (full 4):
 PSYoungGen      total 983552K, used 799744K [0x0000000715580000, 0x000000075e580000, 0x00000007c0000000)
  eden space 799744K, 100% used [0x0000000715580000,0x0000000746280000,0x0000000746280000)
  from space 183808K, 0% used [0x0000000746280000,0x0000000746280000,0x0000000751600000)
  to   space 169984K, 0% used [0x0000000751600000,0x0000000751600000,0x000000075bc00000)
 ParOldGen       total 398336K, used 223411K [0x00000005c0000000, 0x00000005d8500000, 0x0000000715580000)
  object space 398336K, 56% used [0x00000005c0000000,0x00000005cda2ce00,0x00000005d8500000)
 Metaspace       used 22539K, capacity 23080K, committed 23424K, reserved 1069056K
  class space    used 2656K, capacity 2821K, committed 2944K, reserved 1048576K
Event: 17.159 GC heap after
Heap after GC invocations=19 (full 4):
 PSYoungGen      total 969728K, used 140958K [0x0000000715580000, 0x000000075e580000, 0x00000007c0000000)
  eden space 799744K, 0% used [0x0000000715580000,0x0000000715580000,0x0000000746280000)
  from space 169984K, 82% used [0x0000000751600000,0x0000000759fa78d0,0x000000075bc00000)
  to   space 183808K, 0% used [0x0000000746280000,0x0000000746280000,0x0000000751600000)
 ParOldGen       total 398336K, used 223411K [0x00000005c0000000, 0x00000005d8500000, 0x0000000715580000)
  object space 398336K, 56% used [0x00000005c0000000,0x00000005cda2ce00,0x00000005d8500000)
 Metaspace       used 22539K, capacity 23080K, committed 23424K, reserved 1069056K
  class space    used 2656K, capacity 2821K, committed 2944K, reserved 1048576K
}
Event: 18.284 GC heap before
{Heap before GC invocations=20 (full 4):
 PSYoungGen      total 969728K, used 940702K [0x0000000715580000, 0x000000075e580000, 0x00000007c0000000)
  eden space 799744K, 100% used [0x0000000715580000,0x0000000746280000,0x0000000746280000)
  from space 169984K, 82% used [0x0000000751600000,0x0000000759fa78d0,0x000000075bc00000)
  to   space 183808K, 0% used [0x0000000746280000,0x0000000746280000,0x0000000751600000)
 ParOldGen       total 398336K, used 223411K [0x00000005c0000000, 0x00000005d8500000, 0x0000000715580000)
  object space 398336K, 56% used [0x00000005c0000000,0x00000005cda2ce00,0x00000005d8500000)
 Metaspace       used 22551K, capacity 23080K, committed 23424K, reserved 1069056K
  class space    used 2656K, capacity 2821K, committed 2944K, reserved 1048576K
Event: 18.434 GC heap after
Heap after GC invocations=20 (full 4):
 PSYoungGen      total 983552K, used 183808K [0x0000000715580000, 0x000000075e580000, 0x00000007c0000000)
  eden space 799744K, 0% used [0x0000000715580000,0x0000000715580000,0x0000000746280000)
  from space 183808K, 100% used [0x0000000746280000,0x0000000751600000,0x0000000751600000)
  to   space 169984K, 0% used [0x0000000751600000,0x0000000751600000,0x000000075bc00000)
 ParOldGen       total 398336K, used 290785K [0x00000005c0000000, 0x00000005d8500000, 0x0000000715580000)
  object space 398336K, 72% used [0x00000005c0000000,0x00000005d1bf8490,0x00000005d8500000)
 Metaspace       used 22551K, capacity 23080K, committed 23424K, reserved 1069056K
  class space    used 2656K, capacity 2821K, committed 2944K, reserved 1048576K
}
Event: 19.674 GC heap before
{Heap before GC invocations=21 (full 4):
 PSYoungGen      total 983552K, used 983552K [0x0000000715580000, 0x000000075e580000, 0x00000007c0000000)
  eden space 799744K, 100% used [0x0000000715580000,0x0000000746280000,0x0000000746280000)
  from space 183808K, 100% used [0x0000000746280000,0x0000000751600000,0x0000000751600000)
  to   space 169984K, 0% used [0x0000000751600000,0x0000000751600000,0x000000075bc00000)
 ParOldGen       total 398336K, used 290785K [0x00000005c0000000, 0x00000005d8500000, 0x0000000715580000)
  object space 398336K, 72% used [0x00000005c0000000,0x00000005d1bf8490,0x00000005d8500000)
 Metaspace       used 22551K, capacity 23080K, committed 23424K, reserved 1069056K
  class space    used 2656K, capacity 2821K, committed 2944K, reserved 1048576K

Deoptimization events (10 events):
Event: 12.731 Thread 0x00000000287a8000 Uncommon trap: reason=unstable_if action=reinterpret pc=0x000000000337d8f0 method=com.clearspring.analytics.stream.cardinality.HyperLogLogPlus.offerHashed(J)Z @ 122
Event: 12.821 Thread 0x00000000287a8000 Uncommon trap: reason=unstable_if action=reinterpret pc=0x0000000003395e54 method=org.apache.cassandra.db.ColumnIndex.add(Lorg/apache/cassandra/db/rows/Unfiltered;)V @ 163
Event: 12.821 Thread 0x00000000287a8000 Uncommon trap: reason=unstable_if action=reinterpret pc=0x000000000337f500 method=org.apache.cassandra.db.ColumnIndex.finish()V @ 22
Event: 12.921 Thread 0x00000000028a3800 Uncommon trap: reason=unstable_if action=reinterpret pc=0x000000000314a98c method=sun.nio.cs.UTF_8$Decoder.decodeArrayLoop(Ljava/nio/ByteBuffer;Ljava/nio/CharBuffer;)Ljava/nio/charset/CoderResult; @ 287
Event: 13.187 Thread 0x00000000287a8000 Uncommon trap: reason=unstable_if action=reinterpret pc=0x0000000002e75988 method=io.netty.util.Recycler$WeakOrderQueue.reserveSpace(Ljava/util/concurrent/atomic/AtomicInteger;I)Z @ 38
Event: 15.917 Thread 0x00000000028a3800 Uncommon trap: reason=unstable_if action=reinterpret pc=0x0000000002b1396c method=sun.nio.cs.UTF_8$Decoder.decodeArrayLoop(Ljava/nio/ByteBuffer;Ljava/nio/CharBuffer;)Ljava/nio/charset/CoderResult; @ 184
Event: 17.006 Thread 0x00000000028a3800 Uncommon trap: reason=unstable_if action=reinterpret pc=0x00000000031fb23c method=sun.nio.cs.UTF_8$Decoder.decodeArrayLoop(Ljava/nio/ByteBuffer;Ljava/nio/CharBuffer;)Ljava/nio/charset/CoderResult; @ 191
Event: 17.230 Thread 0x00000000287a8000 Uncommon trap: reason=class_check action=maybe_recompile pc=0x0000000003366824 method=java.lang.Iterable.forEach(Ljava/util/function/Consumer;)V @ 6
Event: 17.233 Thread 0x00000000287a8000 Uncommon trap: reason=unstable_if action=reinterpret pc=0x0000000002c72dbc method=org.apache.cassandra.io.sstable.metadata.MetadataCollector.max(Ljava/nio/ByteBuffer;Ljava/nio/ByteBuffer;Lorg/apache/cassandra/db/marshal/AbstractType;)Ljava/nio/ByteBuffer;
Event: 17.233 Thread 0x00000000287a8000 Uncommon trap: reason=unstable_if action=reinterpret pc=0x0000000002afab20 method=org.apache.cassandra.io.sstable.metadata.MetadataCollector$MinMaxLongTracker.update(J)V @ 4

Classes redefined (0 events):
No events

Internal exceptions (10 events):
Event: 0.816 Thread 0x00000000028a3800 Exception <a 'java/lang/NoSuchMethodError': java.lang.Object.lambda$static$0(Ljava/lang/Object;Ljava/lang/Object;)Ljava/lang/Object;> (0x0000000717c36130) thrown at [C:\re\workspace\8-2-build-windows-amd64-cygwin\jdk8u152\9742\hotspot\src\share\vm\interpr
Event: 6.898 Thread 0x00000000287a8000 Implicit null exception at 0x0000000002f36a14 to 0x0000000002f36ce9
Event: 6.977 Thread 0x00000000287a8000 Implicit null exception at 0x000000000304430c to 0x00000000030448a9
Event: 6.998 Thread 0x00000000287a8000 Implicit null exception at 0x0000000002fd96a2 to 0x0000000002fd9add
Event: 9.862 Thread 0x00000000287a8000 Implicit null exception at 0x0000000002b98424 to 0x0000000002b989bd
Event: 9.880 Thread 0x00000000287a8000 Implicit null exception at 0x0000000002ac777a to 0x0000000002ac7ce9
Event: 12.701 Thread 0x00000000287a8000 Implicit null exception at 0x0000000002f4f7d5 to 0x0000000002f5126d
Event: 12.701 Thread 0x00000000287a8000 Implicit null exception at 0x0000000002ed0248 to 0x0000000002ed10a1
Event: 12.701 Thread 0x00000000287a8000 Implicit null exception at 0x0000000003388d1e to 0x0000000003389d01
Event: 17.233 Thread 0x00000000287a8000 Implicit null exception at 0x0000000002c71ede to 0x0000000002c72d7d

Events (10 events):
Event: 17.230 Thread 0x00000000287a8000 DEOPT UNPACKING pc=0x00000000029e582a sp=0x0000000029e5ed48 mode 2
Event: 17.233 Thread 0x00000000287a8000 Uncommon trap: trap_request=0xffffff65 fr.pc=0x0000000002c72dbc
Event: 17.233 Thread 0x00000000287a8000 DEOPT PACKING pc=0x0000000002c72dbc sp=0x0000000029e5f0b0
Event: 17.233 Thread 0x00000000287a8000 DEOPT UNPACKING pc=0x00000000029e582a sp=0x0000000029e5f020 mode 2
Event: 17.233 Thread 0x00000000287a8000 Uncommon trap: trap_request=0xffffff65 fr.pc=0x0000000002afab20
Event: 17.233 Thread 0x00000000287a8000 DEOPT PACKING pc=0x0000000002afab20 sp=0x0000000029e5f150
Event: 17.233 Thread 0x00000000287a8000 DEOPT UNPACKING pc=0x00000000029e582a sp=0x0000000029e5efa8 mode 2
Event: 18.284 Executing VM operation: ParallelGCFailedAllocation
Event: 18.434 Executing VM operation: ParallelGCFailedAllocation done
Event: 19.674 Executing VM operation: ParallelGCFailedAllocation


Dynamic libraries:
0x00007ff6763a0000 - 0x00007ff6763d7000 	C:\Program Files\Java\jdk1.8.0_152\bin\java.exe
0x00007ffe1f240000 - 0x00007ffe1f421000 	C:\WINDOWS\SYSTEM32\ntdll.dll
0x00007ffe13cd0000 - 0x00007ffe13d04000 	C:\Program Files (x86)\AVG\Antivirus\x64\aswhooka.dll
0x00007ffe1d6d0000 - 0x00007ffe1d782000 	C:\WINDOWS\System32\KERNEL32.DLL
0x00007ffe1c3d0000 - 0x00007ffe1c643000 	C:\WINDOWS\System32\KERNELBASE.dll
0x00007ffe1d8a0000 - 0x00007ffe1d941000 	C:\WINDOWS\System32\ADVAPI32.dll
0x00007ffe1d420000 - 0x00007ffe1d4be000 	C:\WINDOWS\System32\msvcrt.dll
0x00007ffe1d840000 - 0x00007ffe1d89b000 	C:\WINDOWS\System32\sechost.dll
0x00007ffe1f080000 - 0x00007ffe1f1a4000 	C:\WINDOWS\System32\RPCRT4.dll
0x00007ffe1ee30000 - 0x00007ffe1efc0000 	C:\WINDOWS\System32\USER32.dll
0x00007ffe1b9b0000 - 0x00007ffe1b9d0000 	C:\WINDOWS\System32\win32u.dll
0x00007ffe1d810000 - 0x00007ffe1d838000 	C:\WINDOWS\System32\GDI32.dll
0x00007ffe1c230000 - 0x00007ffe1c3c2000 	C:\WINDOWS\System32\gdi32full.dll
0x00007ffe1b9d0000 - 0x00007ffe1ba6f000 	C:\WINDOWS\System32\msvcp_win.dll
0x00007ffe1b8b0000 - 0x00007ffe1b9aa000 	C:\WINDOWS\System32\ucrtbase.dll
0x00007ffe0fde0000 - 0x00007ffe10049000 	C:\WINDOWS\WinSxS\amd64_microsoft.windows.common-controls_6595b64144ccf1df_6.0.17134.228_none_fb4599993062b194\COMCTL32.dll
0x00007ffe1c7a0000 - 0x00007ffe1cac3000 	C:\WINDOWS\System32\combase.dll
0x00007ffe1c650000 - 0x00007ffe1c6ca000 	C:\WINDOWS\System32\bcryptPrimitives.dll
0x00007ffe1d4c0000 - 0x00007ffe1d4ed000 	C:\WINDOWS\System32\IMM32.DLL
0x000000006f4d0000 - 0x000000006f5a2000 	C:\Program Files\Java\jdk1.8.0_152\jre\bin\msvcr100.dll
0x000000006f5b0000 - 0x000000006fe50000 	C:\Program Files\Java\jdk1.8.0_152\jre\bin\server\jvm.dll
0x00007ffe1cad0000 - 0x00007ffe1cad8000 	C:\WINDOWS\System32\PSAPI.DLL
0x00007ffe11b90000 - 0x00007ffe11b99000 	C:\WINDOWS\SYSTEM32\WSOCK32.dll
0x00007ffe1d3a0000 - 0x00007ffe1d40c000 	C:\WINDOWS\System32\WS2_32.dll
0x00007ffe0c1f0000 - 0x00007ffe0c213000 	C:\WINDOWS\SYSTEM32\WINMM.dll
0x00007ffe11c80000 - 0x00007ffe11c8a000 	C:\WINDOWS\SYSTEM32\VERSION.dll
0x00007ffe0c1c0000 - 0x00007ffe0c1ea000 	C:\WINDOWS\SYSTEM32\WINMMBASE.dll
0x00007ffe1b860000 - 0x00007ffe1b8a9000 	C:\WINDOWS\System32\cfgmgr32.dll
0x0000000071f10000 - 0x0000000071f1f000 	C:\Program Files\Java\jdk1.8.0_152\jre\bin\verify.dll
0x000000006f460000 - 0x000000006f489000 	C:\Program Files\Java\jdk1.8.0_152\jre\bin\java.dll
0x0000000071ef0000 - 0x0000000071f06000 	C:\Program Files\Java\jdk1.8.0_152\jre\bin\zip.dll
0x00007ffe1d950000 - 0x00007ffe1ed90000 	C:\WINDOWS\System32\SHELL32.dll
0x00007ffe1efc0000 - 0x00007ffe1f069000 	C:\WINDOWS\System32\shcore.dll
0x00007ffe1bb20000 - 0x00007ffe1c22d000 	C:\WINDOWS\System32\windows.storage.dll
0x00007ffe1f1b0000 - 0x00007ffe1f201000 	C:\WINDOWS\System32\shlwapi.dll
0x00007ffe1b580000 - 0x00007ffe1b591000 	C:\WINDOWS\System32\kernel.appcore.dll
0x00007ffe1b5a0000 - 0x00007ffe1b5bf000 	C:\WINDOWS\System32\profapi.dll
0x00007ffe1b5c0000 - 0x00007ffe1b60c000 	C:\WINDOWS\System32\powrprof.dll
0x00007ffe1b550000 - 0x00007ffe1b55a000 	C:\WINDOWS\System32\FLTLIB.DLL
0x000000006d2d0000 - 0x000000006d2f4000 	C:\Program Files\Java\jdk1.8.0_152\jre\bin\sunec.dll
0x000000006f440000 - 0x000000006f45a000 	C:\Program Files\Java\jdk1.8.0_152\jre\bin\net.dll
0x00007ffe1add0000 - 0x00007ffe1ae36000 	C:\WINDOWS\system32\mswsock.dll
0x00007ffe1ab50000 - 0x00007ffe1ab88000 	C:\WINDOWS\SYSTEM32\IPHLPAPI.DLL
0x00007ffe1d410000 - 0x00007ffe1d418000 	C:\WINDOWS\System32\NSI.dll
0x00007ffe14080000 - 0x00007ffe14096000 	C:\WINDOWS\SYSTEM32\dhcpcsvc6.DLL
0x00007ffe14060000 - 0x00007ffe1407a000 	C:\WINDOWS\SYSTEM32\dhcpcsvc.DLL
0x000000006f420000 - 0x000000006f431000 	C:\Program Files\Java\jdk1.8.0_152\jre\bin\nio.dll
0x00007ffe1af90000 - 0x00007ffe1afa7000 	C:\WINDOWS\SYSTEM32\CRYPTSP.dll
0x00007ffe1a9b0000 - 0x00007ffe1a9e3000 	C:\WINDOWS\system32\rsaenh.dll
0x00007ffe1b0b0000 - 0x00007ffe1b0d5000 	C:\WINDOWS\SYSTEM32\bcrypt.dll
0x00007ffe1b450000 - 0x00007ffe1b478000 	C:\WINDOWS\SYSTEM32\USERENV.dll
0x00007ffe1af80000 - 0x00007ffe1af8b000 	C:\WINDOWS\SYSTEM32\CRYPTBASE.dll
0x0000000071ca0000 - 0x0000000071cad000 	C:\Program Files\Java\jdk1.8.0_152\jre\bin\management.dll
0x0000000066f40000 - 0x0000000066f6d000 	C:\Users\Andrew\AppData\Local\Temp\liblz4-java5703571623866764872.so
0x00007ffe12eb0000 - 0x00007ffe12ed5000 	C:\Users\Andrew\AppData\Local\Temp\jna-1965574029\jna1358946428988648320.dll

VM Arguments:
jvm_args: -Dfile.encoding=UTF-8 -Xmx8g 
java_command: cassandraapi.CassandraAPI
java_class_path (initial): F:\ProjectData\opencsv-4.2.jar;F:\Cassandra\lib\apache-cassandra-3.11.2.jar;F:\Cassandra\lib\HdrHistogram-2.1.9.jar;F:\Cassandra\lib\ST4-4.0.8.jar;F:\Cassandra\lib\airline-0.6.jar;F:\Cassandra\lib\antlr-runtime-3.5.2.jar;F:\Cassandra\lib\apache-cassandra-thrift-3.11.2.jar;F:\Cassandra\lib\asm-5.0.4.jar;F:\Cassandra\lib\caffeine-2.2.6.jar;F:\Cassandra\lib\cassandra-driver-core-3.0.1-shaded.jar;F:\Cassandra\lib\cassandra-driver-internal-only-3.10.zip;F:\Cassandra\lib\cassandra-driver-internal-only-3.11.0-bb96859b.zip;F:\Cassandra\lib\commons-cli-1.1.jar;F:\Cassandra\lib\commons-codec-1.9.jar;F:\Cassandra\lib\commons-lang3-3.1.jar;F:\Cassandra\lib\commons-math3-3.2.jar;F:\Cassandra\lib\compress-lzf-0.8.4.jar;F:\Cassandra\lib\concurrent-trees-2.4.0.jar;F:\Cassandra\lib\concurrentlinkedhashmap-lru-1.4.jar;F:\Cassandra\lib\disruptor-3.0.1.jar;F:\Cassandra\lib\ecj-4.4.2.jar;F:\Cassandra\lib\futures-2.1.6-py2.py3-none-any.zip;F:\Cassandra\lib\guava-18.0.jar;F:\Cassandra\lib\high-scale-lib-1.0.6.jar;F:\Cassandra\lib\hppc-0.5.4.jar;F:\Cassandra\lib\jackson-core-asl-1.9.13.jar;F:\Cassandra\lib\jackson-mapper-asl-1.9.13.jar;F:\Cassandra\lib\jamm-0.3.0.jar;F:\Cassandra\lib\javax.inject.jar;F:\Cassandra\lib\jbcrypt-0.3m.jar;F:\Cassandra\lib\jcl-over-slf4j-1.7.7.jar;F:\Cassandra\lib\jctools-core-1.2.1.jar;F:\Cassandra\lib\jflex-1.6.0.jar;F:\Cassandra\lib\jna-4.2.2.jar;F:\Cassandra\lib\joda-time-2.4.jar;F:\Cassandra\lib\json-simple-1.1.jar;F:\Cassandra\lib\jstackjunit-0.0.1.jar;F:\Cassandra\lib\libthrift-0.9.2.jar;F:\Cassandra\lib\log4j-over-slf4j-1.7.7.jar;F:\Cassandra\lib\logback-classic-1.1.3.jar;F:\Cassandra\lib\logback-core-1.1.3.jar;F:\Cassandra\lib\lz4-1.3.0.jar;F:\Cassandra\lib\metrics-core-3.1.0.jar;F:\Cassandra\lib\metrics-jvm-3.1.0.jar;F:\Cassandra\lib\metrics-logback-3.1.0.jar;F:\Cassandra\lib\netty-all-4.0.44.Final.jar;F:\Cassandra\lib\ohc-core-0.4.4.jar;F:\Cassandra\lib\ohc-core-j8-0.4.4.jar;F:\Cassandra\lib\reporter-config-base-3.0.3.jar;
Launcher Type: SUN_STANDARD

Environment Variables:
JAVA_HOME=C:\Program Files\Java\jdk1.8.0_152
_JAVA_OPTIONS=-Xmx8g
PATH=C:\ProgramData\Oracle\Java\javapath;C:\Program Files (x86)\NVIDIA Corporation\PhysX\Common;C:\Program Files\Common Files\Microsoft Shared\Windows Live;C:\WINDOWS\system32;C:\WINDOWS;C:\WINDOWS\System32\Wbem;C:\WINDOWS\System32\WindowsPowerShell\v1.0\;C:\Program Files (x86)\ATI Technologies\ATI.ACE\Core-Static;C:\Program Files\Calibre2\;C:\Program Files\TortoiseSVN\bin;C:\Program Files (x86)\Codebox\BitMeterOS;C:\Users\Andrew\AppData\Local\Programs\Python\Python36-32;C:\Python27;C:\Program Files (x86)\AMD\ATI.ACE\Core-Static;C:\Program Files (x86)\Skype\Phone\;C:\Users\Andrew\AppData\Local\Programs\Python\Python36-32\Scripts;C:\Program Files (x86)\Microsoft SQL Server\Client SDK\ODBC\130\Tools\Binn\;C:\Program Files (x86)\Microsoft SQL Server\140\Tools\Binn\;C:\Program Files (x86)\Microsoft SQL Server\140\DTS\Binn\;C:\Program Files (x86)\Microsoft SQL Server\140\Tools\Binn\ManagementStudio\;C:\WINDOWS\System32\OpenSSH\;C:\Program Files\nodejs\;C:\Program Files (x86)\Common Files\Microsoft Shared\Windows Live;C:\Program Files (x86)\Nmap;C:\Users\Andrew\AppData\Local\atom\bin;C:\Users\Andrew\AppData\Local\Microsoft\WindowsApps;C:\Users\Andrew\AppData\Roaming\npm
USERNAME=Andrew
OS=Windows_NT
PROCESSOR_IDENTIFIER=Intel64 Family 6 Model 60 Stepping 3, GenuineIntel



---------------  S Y S T E M  ---------------

OS: Windows 10.0 , 64 bit Build 17134 (10.0.17134.1)

CPU:total 4 (initial active 4) (4 cores per cpu, 1 threads per core) family 6 model 60 stepping 3, cmov, cx8, fxsr, mmx, sse, sse2, sse3, ssse3, sse4.1, sse4.2, popcnt, avx, avx2, aes, clmul, erms, lzcnt, tsc, tscinvbit, bmi1, bmi2

Memory: 4k page, physical 16706036k(3864308k free), swap 24046068k(196k free)

vm_info: Java HotSpot(TM) 64-Bit Server VM (25.152-b16) for windows-amd64 JRE (1.8.0_152-b16), built on Sep 14 2017 02:29:36 by "java_re" with MS VC++ 10.0 (VS2010)

time: Wed Sep 05 17:59:59 2018
elapsed time: 19 seconds (0d 0h 0m 19s)

